<?xml version="1.0" encoding="UTF-8"?>
<testng-results skipped="0" failed="0" ignored="0" total="1" passed="1">
  <reporter-output>
  </reporter-output>
  <suite name="Default suite" duration-ms="4967" started-at="2022-09-02T17:08:32Z" finished-at="2022-09-02T17:08:37Z">
    <groups>
    </groups>
    <test name="Default test" duration-ms="4967" started-at="2022-09-02T17:08:32Z" finished-at="2022-09-02T17:08:37Z">
      <class name="Sumvalidation">
        <test-method status="PASS" signature="SumofCourses()[pri:0, instance:Sumvalidation@56f4468b]" name="SumofCourses" duration-ms="4781" started-at="2022-09-02T17:08:32Z" finished-at="2022-09-02T17:08:37Z">
          <reporter-output>
          </reporter-output>
        </test-method> <!-- SumofCourses -->
      </class> <!-- Sumvalidation -->
    </test> <!-- Default test -->
  </suite> <!-- Default suite -->
</testng-results>
